<?xml version="1.0" encoding="UTF-8"?>
<!-- Generated by org.testng.reporters.JUnitReportReporter -->
<testsuite hostname="DESKTOP-12ATVB7" failures="0" tests="1" name="Testng_advantages.Assert_not_equals" time="0.019" errors="0" timestamp="2023-05-09T11:12:21 IST" skipped="0">
  <testcase classname="Testng_advantages.Assert_not_equals" name="TC2" time="0.019"/>
  <system-out>
    <![CDATA[running TC2]]>
  </system-out>
</testsuite> <!-- Testng_advantages.Assert_not_equals -->
