<?xml version="1.0" encoding="UTF-8"?>
<!-- Generated by org.testng.reporters.JUnitReportReporter -->
<testsuite hostname="DESKTOP-12ATVB7" failures="0" tests="1" name="Testng_programs.B" time="9.308" errors="0" timestamp="2023-05-06T18:27:11 IST" skipped="0">
  <testcase classname="Testng_programs.B" name="TC1" time="9.308"/>
  <system-out/>
</testsuite> <!-- Testng_programs.B -->
