<?xml version="1.0" encoding="UTF-8"?>
<!-- Generated by org.testng.reporters.JUnitReportReporter -->
<testsuite hostname="DESKTOP-12ATVB7" failures="0" tests="1" name="Testng_advantages.Timeout" time="0.024" errors="0" timestamp="2023-05-09T12:18:21 IST" skipped="0">
  <testcase classname="Testng_advantages.Timeout" name="TC" time="0.024"/>
  <system-out>
    <![CDATA[hi]]>
  </system-out>
</testsuite> <!-- Testng_advantages.Timeout -->
