<?xml version="1.0" encoding="UTF-8"?>
<!-- Generated by org.testng.reporters.JUnitReportReporter -->
<testsuite hostname="DESKTOP-12ATVB7" failures="0" tests="1" name="Testng_advantages.Annotations" time="0.012" errors="0" timestamp="2023-05-06T13:53:24 IST" skipped="0">
  <testcase classname="Testng_advantages.Annotations" name="verifyID" time="0.012"/>
  <system-out>
    <![CDATA[verify user id]]>
  </system-out>
</testsuite> <!-- Testng_advantages.Annotations -->
