<?xml version="1.0" encoding="UTF-8"?>
<!-- Generated by org.testng.reporters.JUnitReportReporter -->
<testsuite hostname="DESKTOP-12ATVB7" failures="0" tests="3" name="Testng_advantages.Sample1" time="0.021" errors="0" timestamp="2023-05-06T13:41:28 IST" skipped="0">
  <testcase classname="Testng_advantages.Sample1" name="TC2" time="0.002"/>
  <system-out>
    <![CDATA[running TC2]]>
  </system-out>
  <testcase classname="Testng_advantages.Sample1" name="TC3" time="0.002"/>
  <system-out>
    <![CDATA[running TC3]]>
  </system-out>
  <testcase classname="Testng_advantages.Sample1" name="TC1" time="0.017"/>
  <system-out>
    <![CDATA[running TC1]]>
  </system-out>
</testsuite> <!-- Testng_advantages.Sample1 -->
