<?xml version="1.0" encoding="UTF-8"?>
<!-- Generated by org.testng.reporters.JUnitReportReporter -->
<testsuite hostname="DESKTOP-12ATVB7" failures="0" tests="3" name="Testng_advantages.Smple2" time="0.004" errors="0" timestamp="2023-05-06T13:41:28 IST" skipped="0">
  <testcase classname="Testng_advantages.Smple2" name="TC5" time="0.001"/>
  <system-out>
    <![CDATA[running TC5]]>
  </system-out>
  <testcase classname="Testng_advantages.Smple2" name="TC6" time="0.002"/>
  <system-out>
    <![CDATA[running TC6]]>
  </system-out>
  <testcase classname="Testng_advantages.Smple2" name="TC4" time="0.001"/>
  <system-out>
    <![CDATA[running TC4]]>
  </system-out>
</testsuite> <!-- Testng_advantages.Smple2 -->
