<?xml version="1.0" encoding="UTF-8"?>
<!-- Generated by org.testng.reporters.JUnitReportReporter -->
<testsuite hostname="DESKTOP-12ATVB7" failures="0" tests="3" name="Testng_advantages.Disable_tc_using_keyword" time="0.019" errors="0" timestamp="2023-05-06T14:11:24 IST" skipped="1">
  <testcase classname="Testng_advantages.Disable_tc_using_keyword" name="TC2" time="0.002"/>
  <system-out>
    <![CDATA[running TC2]]>
  </system-out>
  <testcase classname="Testng_advantages.Disable_tc_using_keyword" name="TC1" time="0.017"/>
  <system-out>
    <![CDATA[running TC1]]>
  </system-out>
  <testcase classname="Testng_advantages.Disable_tc_using_keyword" name="TC3">
    <skipped/>
  </testcase> <!-- TC3 -->
  <system-out/>
</testsuite> <!-- Testng_advantages.Disable_tc_using_keyword -->
