<?xml version="1.0" encoding="UTF-8"?>
<!-- Generated by org.testng.reporters.JUnitReportReporter -->
<testsuite hostname="DESKTOP-12ATVB7" failures="0" tests="4" name="Testng_advantages.Priority" time="0.021" errors="0" timestamp="2023-05-06T13:23:34 IST" skipped="1">
  <testcase classname="Testng_advantages.Priority" name="TC3" time="0.017"/>
  <system-out>
    <![CDATA[how r u]]>
  </system-out>
  <testcase classname="Testng_advantages.Priority" name="TC2" time="0.002"/>
  <system-out>
    <![CDATA[ im fine]]>
  </system-out>
  <testcase classname="Testng_advantages.Priority" name="TC1" time="0.002"/>
  <system-out>
    <![CDATA[good bye]]>
  </system-out>
  <testcase classname="Testng_advantages.Priority" name="TC4">
    <skipped/>
  </testcase> <!-- TC4 -->
  <system-out/>
</testsuite> <!-- Testng_advantages.Priority -->
