<?xml version="1.0" encoding="UTF-8"?>
<!-- Generated by org.testng.reporters.JUnitReportReporter -->
<testsuite hostname="DESKTOP-12ATVB7" failures="0" tests="1" name="Testng_advantages.Assert_false" time="0.025" errors="0" timestamp="2023-05-09T11:14:31 IST" skipped="0">
  <testcase classname="Testng_advantages.Assert_false" name="TC4" time="0.025"/>
  <system-out>
    <![CDATA[running TC4]]>
  </system-out>
</testsuite> <!-- Testng_advantages.Assert_false -->
