<?xml version="1.0" encoding="UTF-8"?>
<!-- Generated by org.testng.reporters.JUnitReportReporter -->
<testsuite hostname="DESKTOP-12ATVB7" failures="0" tests="3" name="Testng_advantages.Sample3" time="0.008" errors="0" timestamp="2023-05-06T13:41:28 IST" skipped="0">
  <testcase classname="Testng_advantages.Sample3" name="TC9" time="0.003"/>
  <system-out>
    <![CDATA[running TC9]]>
  </system-out>
  <testcase classname="Testng_advantages.Sample3" name="TC7" time="0.003"/>
  <system-out>
    <![CDATA[running TC7]]>
  </system-out>
  <testcase classname="Testng_advantages.Sample3" name="TC8" time="0.002"/>
  <system-out>
    <![CDATA[running TC8]]>
  </system-out>
</testsuite> <!-- Testng_advantages.Sample3 -->
