<?xml version="1.0" encoding="UTF-8"?>
<!-- Generated by org.testng.reporters.JUnitReportReporter -->
<testsuite hostname="DESKTOP-12ATVB7" failures="0" tests="2" name="Testng_advantages.Disabled_TC_using_suite" time="0.017" errors="0" timestamp="2023-05-06T17:49:43 IST" skipped="0">
  <testcase classname="Testng_advantages.Disabled_TC_using_suite" name="TC3" time="0.001"/>
  <system-out>
    <![CDATA[running TC3]]>
  </system-out>
  <testcase classname="Testng_advantages.Disabled_TC_using_suite" name="TC1" time="0.016"/>
  <system-out>
    <![CDATA[running TC1]]>
  </system-out>
</testsuite> <!-- Testng_advantages.Disabled_TC_using_suite -->
