<?xml version="1.0" encoding="UTF-8"?>
<!-- Generated by org.testng.reporters.JUnitReportReporter -->
<testsuite hostname="DESKTOP-12ATVB7" failures="0" tests="1" name="Testng_programs.A" time="5.519" errors="0" timestamp="2023-05-06T18:50:12 IST" skipped="0">
  <testcase classname="Testng_programs.A" name="TC1" time="5.519"/>
  <system-out/>
</testsuite> <!-- Testng_programs.A -->
