<?xml version="1.0" encoding="UTF-8"?>
<!-- Generated by org.testng.reporters.JUnitReportReporter -->
<testsuite hostname="DESKTOP-12ATVB7" failures="0" tests="2" name="Testng_advantages.Soft_Assert_class" time="0.025" errors="0" timestamp="2023-05-09T11:40:31 IST" skipped="0">
  <testcase classname="Testng_advantages.Soft_Assert_class" name="TC1" time="0.021"/>
  <system-out>
    <![CDATA[running TC1]]>
  </system-out>
  <testcase classname="Testng_advantages.Soft_Assert_class" name="TC2" time="0.004"/>
  <system-out>
    <![CDATA[hi]]>
  </system-out>
</testsuite> <!-- Testng_advantages.Soft_Assert_class -->
