<?xml version="1.0" encoding="UTF-8"?>
<!-- Generated by org.testng.reporters.JUnitReportReporter -->
<testsuite hostname="DESKTOP-12ATVB7" failures="0" tests="1" name="POM_with_ddf_using_TestNG.Kite_Test_T" time="2.436" errors="0" timestamp="2022-08-24T13:23:25 IST" skipped="0">
  <testcase classname="POM_with_ddf_using_TestNG.Kite_Test_T" name="verifyuserID" time="2.436"/>
  <system-out>
    <![CDATA[running verify userid]]>
  </system-out>
</testsuite> <!-- POM_with_ddf_using_TestNG.Kite_Test_T -->
