<?xml version="1.0" encoding="UTF-8"?>
<!-- Generated by org.testng.reporters.JUnitReportReporter -->
<testsuite hostname="DESKTOP-12ATVB7" failures="0" tests="1" name="Testng_advantages.E2" time="0.017" errors="0" timestamp="2022-08-18T12:30:00 IST" skipped="0">
  <testcase classname="Testng_advantages.E2" name="TC" time="0.017"/>
  <system-out>
    <![CDATA[hello]]>
  </system-out>
</testsuite> <!-- Testng_advantages.E2 -->
