<?xml version="1.0" encoding="UTF-8"?>
<!-- Generated by org.testng.reporters.JUnitReportReporter -->
<testsuite hostname="DESKTOP-12ATVB7" failures="0" tests="1" name="Testng_advantages.Assert_equals" time="0.020" errors="0" timestamp="2023-05-09T11:12:05 IST" skipped="0">
  <testcase classname="Testng_advantages.Assert_equals" name="TC1" time="0.020"/>
  <system-out>
    <![CDATA[TC1 is running]]>
  </system-out>
</testsuite> <!-- Testng_advantages.Assert_equals -->
