<?xml version="1.0" encoding="UTF-8"?>
<!-- Generated by org.testng.reporters.JUnitReportReporter -->
<testsuite hostname="DESKTOP-12ATVB7" failures="0" tests="1" name="Testng_advantages.Emailable" time="0.017" errors="0" timestamp="2023-05-06T14:00:28 IST" skipped="0">
  <testcase classname="Testng_advantages.Emailable" name="TC" time="0.017"/>
  <system-out>
    <![CDATA[HI]]>
  </system-out>
</testsuite> <!-- Testng_advantages.Emailable -->
