<?xml version="1.0" encoding="UTF-8"?>
<!-- Generated by org.testng.reporters.JUnitReportReporter -->
<testsuite hostname="DESKTOP-12ATVB7" failures="0" tests="5" name="Testng_advantages.Flags" time="0.025" errors="0" timestamp="2023-05-09T12:17:53 IST" skipped="0">
  <testcase classname="Testng_advantages.Flags" name="TC" time="0.018"/>
  <system-out>
    <![CDATA[running tc]]>
  </system-out>
  <testcase classname="Testng_advantages.Flags" name="TC" time="0.002"/>
  <system-out>
    <![CDATA[running tc]]>
  </system-out>
  <testcase classname="Testng_advantages.Flags" name="TC" time="0.002"/>
  <system-out>
    <![CDATA[running tc]]>
  </system-out>
  <testcase classname="Testng_advantages.Flags" name="TC" time="0.002"/>
  <system-out>
    <![CDATA[running tc]]>
  </system-out>
  <testcase classname="Testng_advantages.Flags" name="TC" time="0.001"/>
  <system-out>
    <![CDATA[running tc]]>
  </system-out>
</testsuite> <!-- Testng_advantages.Flags -->
